{"src\\isNullOrEmpty.js":{"path":"src\\isNullOrEmpty.js","s":{"1":1,"2":31,"3":4,"4":27,"5":9,"6":18,"7":1,"8":17,"9":4,"10":2,"11":2,"12":13,"13":3,"14":3,"15":3,"16":3,"17":3,"18":1,"19":12},"b":{"1":[4,27],"2":[31,29,28,5],"3":[9,18],"4":[27,23,21,20],"5":[1,17],"6":[18,6],"7":[4,13],"8":[2,2],"9":[3,10],"10":[3,0],"11":[1,2]},"f":{"1":31},"fnMap":{"1":{"name":"(anonymous_1)","line":2,"loc":{"start":{"line":2,"column":23},"end":{"line":2,"column":40}}}},"statementMap":{"1":{"start":{"line":2,"column":0},"end":{"line":46,"column":2}},"2":{"start":{"line":5,"column":4},"end":{"line":42,"column":5}},"3":{"start":{"line":7,"column":8},"end":{"line":7,"column":20}},"4":{"start":{"line":11,"column":9},"end":{"line":42,"column":5}},"5":{"start":{"line":13,"column":8},"end":{"line":13,"column":21}},"6":{"start":{"line":17,"column":9},"end":{"line":42,"column":5}},"7":{"start":{"line":18,"column":8},"end":{"line":18,"column":20}},"8":{"start":{"line":22,"column":9},"end":{"line":42,"column":5}},"9":{"start":{"line":23,"column":8},"end":{"line":28,"column":9}},"10":{"start":{"line":24,"column":12},"end":{"line":24,"column":24}},"11":{"start":{"line":27,"column":12},"end":{"line":27,"column":25}},"12":{"start":{"line":32,"column":9},"end":{"line":42,"column":5}},"13":{"start":{"line":33,"column":8},"end":{"line":33,"column":22}},"14":{"start":{"line":34,"column":8},"end":{"line":38,"column":9}},"15":{"start":{"line":35,"column":12},"end":{"line":37,"column":13}},"16":{"start":{"line":36,"column":16},"end":{"line":36,"column":24}},"17":{"start":{"line":39,"column":8},"end":{"line":41,"column":9}},"18":{"start":{"line":40,"column":12},"end":{"line":40,"column":24}},"19":{"start":{"line":45,"column":4},"end":{"line":45,"column":17}}},"branchMap":{"1":{"line":5,"type":"if","locations":[{"start":{"line":5,"column":4},"end":{"line":5,"column":4}},{"start":{"line":5,"column":4},"end":{"line":5,"column":4}}]},"2":{"line":5,"type":"binary-expr","locations":[{"start":{"line":5,"column":8},"end":{"line":5,"column":36}},{"start":{"line":5,"column":40},"end":{"line":5,"column":54}},{"start":{"line":6,"column":9},"end":{"line":6,"column":34}},{"start":{"line":6,"column":38},"end":{"line":6,"column":50}}]},"3":{"line":11,"type":"if","locations":[{"start":{"line":11,"column":9},"end":{"line":11,"column":9}},{"start":{"line":11,"column":9},"end":{"line":11,"column":9}}]},"4":{"line":11,"type":"binary-expr","locations":[{"start":{"line":11,"column":13},"end":{"line":11,"column":38}},{"start":{"line":11,"column":42},"end":{"line":11,"column":68}},{"start":{"line":12,"column":13},"end":{"line":12,"column":40}},{"start":{"line":12,"column":44},"end":{"line":12,"column":64}}]},"5":{"line":17,"type":"if","locations":[{"start":{"line":17,"column":9},"end":{"line":17,"column":9}},{"start":{"line":17,"column":9},"end":{"line":17,"column":9}}]},"6":{"line":17,"type":"binary-expr","locations":[{"start":{"line":17,"column":13},"end":{"line":17,"column":40}},{"start":{"line":17,"column":44},"end":{"line":17,"column":60}}]},"7":{"line":22,"type":"if","locations":[{"start":{"line":22,"column":9},"end":{"line":22,"column":9}},{"start":{"line":22,"column":9},"end":{"line":22,"column":9}}]},"8":{"line":23,"type":"if","locations":[{"start":{"line":23,"column":8},"end":{"line":23,"column":8}},{"start":{"line":23,"column":8},"end":{"line":23,"column":8}}]},"9":{"line":32,"type":"if","locations":[{"start":{"line":32,"column":9},"end":{"line":32,"column":9}},{"start":{"line":32,"column":9},"end":{"line":32,"column":9}}]},"10":{"line":35,"type":"if","locations":[{"start":{"line":35,"column":12},"end":{"line":35,"column":12}},{"start":{"line":35,"column":12},"end":{"line":35,"column":12}}]},"11":{"line":39,"type":"if","locations":[{"start":{"line":39,"column":8},"end":{"line":39,"column":8}},{"start":{"line":39,"column":8},"end":{"line":39,"column":8}}]}}}}