TN:
SF:src\isNullOrEmpty.js
FN:2,(anonymous_1)
FNF:1
FNH:1
FNDA:31,(anonymous_1)
DA:2,1
DA:5,31
DA:7,4
DA:11,27
DA:13,9
DA:17,18
DA:18,1
DA:22,17
DA:23,4
DA:24,2
DA:27,2
DA:32,13
DA:33,3
DA:34,3
DA:35,3
DA:36,3
DA:39,3
DA:40,1
DA:45,12
LF:19
LH:19
BRDA:5,1,0,4
BRDA:5,1,1,27
BRDA:5,2,0,31
BRDA:5,2,1,29
BRDA:5,2,2,28
BRDA:5,2,3,5
BRDA:11,3,0,9
BRDA:11,3,1,18
BRDA:11,4,0,27
BRDA:11,4,1,23
BRDA:11,4,2,21
BRDA:11,4,3,20
BRDA:17,5,0,1
BRDA:17,5,1,17
BRDA:17,6,0,18
BRDA:17,6,1,6
BRDA:22,7,0,4
BRDA:22,7,1,13
BRDA:23,8,0,2
BRDA:23,8,1,2
BRDA:32,9,0,3
BRDA:32,9,1,10
BRDA:35,10,0,3
BRDA:35,10,1,0
BRDA:39,11,0,1
BRDA:39,11,1,2
BRF:26
BRH:25
end_of_record
