TN:
SF:src\isNullOrEmpty.js
FN:2,(anonymous_1)
FNF:1
FNH:0
FNDA:0,(anonymous_1)
DA:2,1
DA:5,0
DA:7,0
DA:11,0
DA:13,0
DA:17,0
DA:18,0
DA:22,0
DA:23,0
DA:24,0
DA:27,0
DA:32,0
DA:33,0
DA:34,0
DA:35,0
DA:36,0
DA:39,0
DA:40,0
DA:45,0
LF:19
LH:1
BRDA:5,1,0,0
BRDA:5,1,1,0
BRDA:5,2,0,0
BRDA:5,2,1,0
BRDA:5,2,2,0
BRDA:5,2,3,0
BRDA:11,3,0,0
BRDA:11,3,1,0
BRDA:11,4,0,0
BRDA:11,4,1,0
BRDA:11,4,2,0
BRDA:11,4,3,0
BRDA:17,5,0,0
BRDA:17,5,1,0
BRDA:17,6,0,0
BRDA:17,6,1,0
BRDA:22,7,0,0
BRDA:22,7,1,0
BRDA:23,8,0,0
BRDA:23,8,1,0
BRDA:32,9,0,0
BRDA:32,9,1,0
BRDA:35,10,0,0
BRDA:35,10,1,0
BRDA:39,11,0,0
BRDA:39,11,1,0
BRF:26
BRH:0
end_of_record
